[09/06/2022 17:22:27] Debug: Session id: 9d8e4079-52b0-4050-a250-e9b430a7d067
[09/06/2022 17:22:27] Debug: Code Processor information: Name :SnowConvert, Version: 9.0.11.0
[09/06/2022 17:22:27] Debug: Getting license
[09/06/2022 17:22:27] Debug: License information
	Status: Failed
	Message: No active license available.
[09/06/2022 17:22:27] Info: Starting to validate parameters
[09/06/2022 17:22:27] Info: Parameters to validate: 
	Execution mode: Conversion
	LICENSE_KEY: a3372138-b87e-4a08-b929-3b48b24c63f1
[09/06/2022 17:22:28] Info: Validation of parameters: Success
[09/06/2022 17:22:28] Debug: Getting code descriptor
[09/06/2022 17:22:28] Debug: Code descriptor information
	Units: 51
	Units type: LOC
	All file bytes: 2141
	All found extensions: .sql,.dml,.ddl,.bteq,.btq,.fl,.fload,.ml,.mload,.mld,.tp,.tpump,.tpt
[09/06/2022 17:22:28] Debug: Calculating fingerprint
[09/06/2022 17:22:28] Debug: Fingerprint information Fingerprint(size=2141,projects=1)
[09/06/2022 17:22:28] Info: Starting to try to validate online license for execution
[09/06/2022 17:22:29] Debug: Getting license
[09/06/2022 17:22:29] Debug: License information
	Status: Failed
	Message: No active license available.
[09/06/2022 17:22:29] Debug: Starting the execution of the controller
[09/06/2022 17:22:30] Debug: Executing the worker: SnowConvert
[09/06/2022 17:22:41] Debug: Finished executing the worker: SnowConvert
[09/06/2022 17:22:43] Info: Controller execution ended
